2021-10-15 22:09:56.183  INFO 17368 --- [main] lavalink.server.Launcher                 : 

[32m       .  [31m _                  _ _       _    [32m__ _ _
[32m      /\\ [31m| | __ ___   ____ _| (_)_ __ | | __[32m\ \ \ \
[32m     ( ( )[31m| |/ _` \ \ / / _` | | | '_ \| |/ /[32m \ \ \ \
[32m      \\/ [31m| | (_| |\ V / (_| | | | | | |   < [32m  ) ) ) )
[32m       '  [31m|_|\__,_| \_/ \__,_|_|_|_| |_|_|\_\[32m / / / /
[0m    =========================================[32m/_/_/_/[0m

	Version:        3.3.2.3
	Build:          1176
	Build time:     28.12.2020 18:59:16 UTC
	Branch          master
	Commit:         68d398a
	Commit time:    28.12.2020 18:56:23 UTC
	JVM:            17
	Lavaplayer      1.3.65

2021-10-15 22:09:56.327  INFO 17368 --- [main] lavalink.server.Launcher                 : Starting Launcher on DESKTOP-9DM1VQQ with PID 17368 (C:\Users\PRA3TXRIAN\Desktop\Soft\Programming\Проекты\DISCORDBOTV2\DISCORDBOTV2\Lavalink\Lavalink.jar started by PRA3TXRIAN in C:\Users\PRA3TXRIAN\Desktop\Soft\Programming\Проекты\DISCORDBOTV2\DISCORDBOTV2\Lavalink)
2021-10-15 22:09:56.330  INFO 17368 --- [main] lavalink.server.Launcher                 : No active profile set, falling back to default profiles: default
2021-10-15 22:09:56.515  WARN 17368 --- [background-preinit] o.s.h.c.j.Jackson2ObjectMapperBuilder    : For Jackson Kotlin classes support please add "com.fasterxml.jackson.module:jackson-module-kotlin" to the classpath
2021-10-15 22:09:57.767  WARN 17368 --- [main] io.undertow.websockets.jsr               : UT026010: Buffer pool was not set on WebSocketDeploymentInfo, the default pool will be used
2021-10-15 22:09:57.791  INFO 17368 --- [main] io.undertow.servlet                      : Initializing Spring embedded WebApplicationContext
2021-10-15 22:09:57.792  INFO 17368 --- [main] o.s.web.context.ContextLoader            : Root WebApplicationContext: initialization completed in 1388 ms
2021-10-15 22:09:58.173  WARN 17368 --- [main] l.server.config.SentryConfiguration      : Turning off sentry
2021-10-15 22:09:58.594  INFO 17368 --- [main] c.s.d.l.tools.GarbageCollectionMonitor   : GC monitoring enabled, reporting results every 2 minutes.
2021-10-15 22:09:58.914  INFO 17368 --- [main] lavalink.server.config.KoeConfiguration  : OS: Windows 10, Arch: amd64
2021-10-15 22:09:58.914  WARN 17368 --- [main] lavalink.server.config.KoeConfiguration  : This system and architecture appears to not support native audio sending! GC pauses may cause your bot to stutter during playback.
2021-10-15 22:09:59.252  INFO 17368 --- [main] o.s.s.concurrent.ThreadPoolTaskExecutor  : Initializing ExecutorService 'applicationTaskExecutor'
2021-10-15 22:09:59.637  INFO 17368 --- [main] org.xnio                                 : XNIO version 3.3.8.Final
2021-10-15 22:09:59.667  INFO 17368 --- [main] org.xnio.nio                             : XNIO NIO Implementation Version 3.3.8.Final
2021-10-15 22:09:59.782  INFO 17368 --- [main] o.s.b.w.e.u.UndertowServletWebServer     : Undertow started on port(s) 2333 (http) with context path ''
2021-10-15 22:09:59.788  INFO 17368 --- [main] lavalink.server.Launcher                 : Started Launcher in 4.216 seconds (JVM running for 4.738)
2021-10-15 22:09:59.791  INFO 17368 --- [main] lavalink.server.Launcher                 : You can safely ignore the big red warning about illegal reflection. See https://github.com/Frederikam/Lavalink/issues/295
2021-10-15 22:15:46.432  INFO 17368 --- [XNIO-1 task-1] io.undertow.servlet                      : Initializing Spring DispatcherServlet 'dispatcherServlet'
2021-10-15 22:15:46.433  INFO 17368 --- [XNIO-1 task-1] o.s.web.servlet.DispatcherServlet        : Initializing Servlet 'dispatcherServlet'
2021-10-15 22:15:46.446  INFO 17368 --- [XNIO-1 task-1] o.s.web.servlet.DispatcherServlet        : Completed initialization in 13 ms
2021-10-15 22:15:46.478  INFO 17368 --- [XNIO-1 task-1] l.server.io.HandshakeInterceptorImpl     : Incoming connection from /127.0.0.1:58702
2021-10-15 22:15:46.553  INFO 17368 --- [XNIO-1 task-1] lavalink.server.io.SocketServer          : Connection successfully established from /127.0.0.1:58702
2021-10-15 22:15:52.268  INFO 17368 --- [XNIO-1 I/O-2] lavalink.server.io.SocketServer          : {"guildId":"763123182898380811","sessionId":"84775b857853c027030294da2c7463f7","event":{"token":"ef79eba328ee2f33","endpoint":"russia8827.discord.media:443"},"op":"voiceUpdate"}
2021-10-15 22:16:15.166  INFO 17368 --- [XNIO-1 task-2] l.server.player.AudioLoaderRestHandler   : Got request to load for identifier "ytsearch:https://www.youtube.com/watch?v=yTVPHSeexBg"
2021-10-15 22:16:16.180  INFO 17368 --- [lava-daemon-pool-info-loader-2-thread-1] lavalink.server.player.AudioLoader       : Loaded playlist Search results for: https://www.youtube.com/watch?v=yTVPHSeexBg
2021-10-15 22:16:16.218  INFO 17368 --- [XNIO-1 I/O-2] lavalink.server.io.SocketServer          : {"endTime":0,"track":"QAAAjwIAJVNMQVVHSFRFUiBUTyBQUkVWQUlMIC0gTWFkZSBJbiBSdXNzaWEAEFN1bWVyaWFuIFJlY29yZHMAAAAAAAOOKAALeVRWUEhTZWV4QmcAAQAraHR0cHM6Ly93d3cueW91dHViZS5jb20vd2F0Y2g/dj15VFZQSFNlZXhCZwAHeW91dHViZQAAAAAAAAAA","noReplace":false,"startTime":0,"guildId":"763123182898380811","op":"play"}
2021-10-15 22:20:22.788  INFO 17368 --- [XNIO-1 task-4] l.server.player.AudioLoaderRestHandler   : Got request to load for identifier "ytsearch:https://www.youtube.com/watch?v=XFzB3TXoG4A"
2021-10-15 22:20:23.826  INFO 17368 --- [lava-daemon-pool-info-loader-2-thread-1] lavalink.server.player.AudioLoader       : Loaded playlist Search results for: https://www.youtube.com/watch?v=XFzB3TXoG4A
2021-10-15 22:20:23.842  INFO 17368 --- [XNIO-1 I/O-2] lavalink.server.io.SocketServer          : {"endTime":0,"track":"QAAAhwIAHVNMQVVHSFRFUiBUTyBQUkVWQUlMIC0gQnJhdHZhABBTdW1lcmlhbiBSZWNvcmRzAAAAAAAEYRgAC1hGekIzVFhvRzRBAAEAK2h0dHBzOi8vd3d3LnlvdXR1YmUuY29tL3dhdGNoP3Y9WEZ6QjNUWG9HNEEAB3lvdXR1YmUAAAAAAAAAAA==","noReplace":false,"startTime":0,"guildId":"763123182898380811","op":"play"}
2021-10-15 22:26:17.295  INFO 17368 --- [XNIO-1 task-6] l.server.player.AudioLoaderRestHandler   : Got request to load for identifier "ytsearch:https://www.youtube.com/watch?v=Niaw3Ez0YLU"
2021-10-15 22:26:18.762  INFO 17368 --- [lava-daemon-pool-info-loader-2-thread-1] lavalink.server.player.AudioLoader       : Loaded playlist Search results for: https://www.youtube.com/watch?v=Niaw3Ez0YLU
2021-10-15 22:26:18.768  INFO 17368 --- [XNIO-1 I/O-2] lavalink.server.io.SocketServer          : {"endTime":0,"track":"QAAAngIAN1NsYXVnaHRlciBUbyBQcmV2YWlsIC0gQmFiYSBZYWdhIChPZmZpY2lhbCBNdXNpYyBWaWRlbykADUFsZXggVGVycmlibGUAAAAAAAPkGAALTmlhdzNFejBZTFUAAQAraHR0cHM6Ly93d3cueW91dHViZS5jb20vd2F0Y2g/dj1OaWF3M0V6MFlMVQAHeW91dHViZQAAAAAAAAAA","noReplace":false,"startTime":0,"guildId":"763123182898380811","op":"play"}
2021-10-15 22:32:17.406  INFO 17368 --- [XNIO-1 task-8] l.server.player.AudioLoaderRestHandler   : Got request to load for identifier "ytsearch:https://www.youtube.com/watch?v=_BWrvl8Ouw0"
2021-10-15 22:32:18.878  INFO 17368 --- [lava-daemon-pool-info-loader-2-thread-1] lavalink.server.player.AudioLoader       : Loaded playlist Search results for: https://www.youtube.com/watch?v=_BWrvl8Ouw0
2021-10-15 22:32:18.886  INFO 17368 --- [XNIO-1 I/O-2] lavalink.server.io.SocketServer          : {"endTime":0,"track":"QAAAnwIAOFNMQVVHSFRFUiBUTyBQUkVWQUlMIHwgQkVSU0VSSyAtIFpBVkFMSSBFQkFMTyAoTkVXIFNPTkcpAA1BbGV4IFRlcnJpYmxlAAAAAAADhlgAC19CV3J2bDhPdXcwAAEAK2h0dHBzOi8vd3d3LnlvdXR1YmUuY29tL3dhdGNoP3Y9X0JXcnZsOE91dzAAB3lvdXR1YmUAAAAAAAAAAA==","noReplace":false,"startTime":0,"guildId":"763123182898380811","op":"play"}
2021-10-15 22:36:42.074  INFO 17368 --- [XNIO-1 task-10] l.server.player.AudioLoaderRestHandler   : Got request to load for identifier "ytsearch:https://www.youtube.com/watch?v=79ojlwMzs0Q"
2021-10-15 22:36:43.340  INFO 17368 --- [lava-daemon-pool-info-loader-2-thread-1] lavalink.server.player.AudioLoader       : Loaded playlist Search results for: https://www.youtube.com/watch?v=79ojlwMzs0Q
2021-10-15 22:36:43.347  INFO 17368 --- [XNIO-1 I/O-2] lavalink.server.io.SocketServer          : {"endTime":0,"track":"QAAAiAIAIVNsYXVnaHRlciBUbyBQcmV2YWlsIC0gREVNT0xJU0hFUgANQWxleCBUZXJyaWJsZQAAAAAAA1tgAAs3OW9qbHdNenMwUQABACtodHRwczovL3d3dy55b3V0dWJlLmNvbS93YXRjaD92PTc5b2psd016czBRAAd5b3V0dWJlAAAAAAAAAAA=","noReplace":false,"startTime":0,"guildId":"763123182898380811","op":"play"}
2021-10-15 22:40:30.739  INFO 17368 --- [XNIO-1 task-12] l.server.player.AudioLoaderRestHandler   : Got request to load for identifier "ytsearch:https://www.youtube.com/watch?v=79ojlwMzs0Q"
2021-10-15 22:40:31.203  INFO 17368 --- [lava-daemon-pool-info-loader-2-thread-1] lavalink.server.player.AudioLoader       : Loaded playlist Search results for: https://www.youtube.com/watch?v=79ojlwMzs0Q
2021-10-15 22:40:31.208  INFO 17368 --- [XNIO-1 I/O-2] lavalink.server.io.SocketServer          : {"endTime":0,"track":"QAAAiAIAIVNsYXVnaHRlciBUbyBQcmV2YWlsIC0gREVNT0xJU0hFUgANQWxleCBUZXJyaWJsZQAAAAAAA1tgAAs3OW9qbHdNenMwUQABACtodHRwczovL3d3dy55b3V0dWJlLmNvbS93YXRjaD92PTc5b2psd016czBRAAd5b3V0dWJlAAAAAAAAAAA=","noReplace":false,"startTime":0,"guildId":"763123182898380811","op":"play"}
2021-10-15 22:40:58.789  INFO 17368 --- [XNIO-1 task-14] l.server.player.AudioLoaderRestHandler   : Got request to load for identifier "ytsearch:https://www.youtube.com/watch?v=k773u380C9g"
2021-10-15 22:40:59.449  INFO 17368 --- [lava-daemon-pool-info-loader-2-thread-1] lavalink.server.player.AudioLoader       : Loaded playlist Search results for: https://www.youtube.com/watch?v=k773u380C9g
2021-10-15 22:41:01.624  INFO 17368 --- [XNIO-1 I/O-2] lavalink.server.io.SocketServer          : {"endTime":0,"track":"QAAAlwIAMFNMQVVHSFRFUiBUTyBQUkVWQUlMIC0gS09TVE9MT00gKE5FVyBGVUxMIEFMQlVNKQANQWxleCBUZXJyaWJsZQAAAAAALPPQAAtrNzczdTM4MEM5ZwABACtodHRwczovL3d3dy55b3V0dWJlLmNvbS93YXRjaD92PWs3NzN1MzgwQzlnAAd5b3V0dWJlAAAAAAAAAAA=","noReplace":false,"startTime":0,"guildId":"763123182898380811","op":"play"}
